<?xml version="1.0" encoding="UTF-8"?>
<testng-results ignored="0" total="1" passed="1" failed="0" skipped="0">
  <reporter-output>
  </reporter-output>
  <suite started-at="2022-06-15T15:59:05 IST" name="Default suite" finished-at="2022-06-15T15:59:17 IST" duration-ms="12553">
    <groups>
    </groups>
    <test started-at="2022-06-15T15:59:05 IST" name="Default test" finished-at="2022-06-15T15:59:17 IST" duration-ms="12553">
      <class name="com.TestCases.BaseClass">
        <test-method is-config="true" signature="Chrome()[pri:0, instance:com.TestCases.BaseClass@7e07db1f]" started-at="2022-06-15T15:59:05 IST" name="Chrome" finished-at="2022-06-15T15:59:11 IST" duration-ms="6631" status="PASS">
          <reporter-output>
          </reporter-output>
        </test-method> <!-- Chrome -->
        <test-method signature="enter()[pri:0, instance:com.TestCases.BaseClass@7e07db1f]" started-at="2022-06-15T15:59:11 IST" name="enter" finished-at="2022-06-15T15:59:17 IST" duration-ms="5874" status="PASS">
          <reporter-output>
          </reporter-output>
        </test-method> <!-- enter -->
        <test-method is-config="true" signature="close()[pri:0, instance:com.TestCases.BaseClass@7e07db1f]" started-at="2022-06-15T15:59:17 IST" name="close" finished-at="2022-06-15T15:59:17 IST" duration-ms="0" status="PASS">
          <reporter-output>
          </reporter-output>
        </test-method> <!-- close -->
      </class> <!-- com.TestCases.BaseClass -->
    </test> <!-- Default test -->
  </suite> <!-- Default suite -->
</testng-results>
